11:42:36,395 [ERROR] PSW.BIEUMAU_CN:268 - 
System.Threading.ThreadAbortException: Thread was being aborted.
   at System.Threading.Thread.AbortInternal()
   at System.Threading.Thread.Abort(Object stateInfo)
   at System.Web.HttpResponse.AbortCurrentThread()
   at System.Web.HttpResponse.Redirect(String url, Boolean endResponse, Boolean permanent)
   at PSW.BIEUMAU_CN.btn_CN_Click(Object sender, EventArgs e) in c:\Data\Project\20170206_psw\3-Coding\code\psw\DesktopModules\PSW\QuanTri\BIEUMAU_CN.ascx.cs:line 268
11:42:45,998 [ERROR] PSW.BIEUMAU_DS:639 - 
System.IO.FileNotFoundException: Could not find file 'C:\Data\Project\20170206_psw\3-Coding\code\psw\DesktopModules\PSW\bieumau\175ca19f-9501-459f-8bbe-b31208bc7569.jpg'.
File name: 'C:\Data\Project\20170206_psw\3-Coding\code\psw\DesktopModules\PSW\bieumau\175ca19f-9501-459f-8bbe-b31208bc7569.jpg'
   at System.IO.__Error.WinIOError(Int32 errorCode, String maybeFullPath)
   at System.IO.FileStream.Init(String path, FileMode mode, FileAccess access, Int32 rights, Boolean useRights, FileShare share, Int32 bufferSize, FileOptions options, SECURITY_ATTRIBUTES secAttrs, String msgPath, Boolean bFromProxy, Boolean useLongPath, Boolean checkHost)
   at System.IO.FileStream..ctor(String path, FileMode mode, FileAccess access, FileShare share, Int32 bufferSize, FileOptions options, String msgPath, Boolean bFromProxy, Boolean useLongPath, Boolean checkHost)
   at System.IO.File.InternalReadAllBytes(String path, Boolean checkHost)
   at PSW.BIEUMAU_DS.btn_TaiXuong(Object sender, EventArgs e) in c:\Data\Project\20170206_psw\3-Coding\code\psw\DesktopModules\PSW\QuanTri\BIEUMAU_DS.ascx.cs:line 639
11:42:51,244 [ERROR] PSW.BIEUMAU_DS:639 - 
System.IO.FileNotFoundException: Could not find file 'C:\Data\Project\20170206_psw\3-Coding\code\psw\DesktopModules\PSW\bieumau\175ca19f-9501-459f-8bbe-b31208bc7569.jpg'.
File name: 'C:\Data\Project\20170206_psw\3-Coding\code\psw\DesktopModules\PSW\bieumau\175ca19f-9501-459f-8bbe-b31208bc7569.jpg'
   at System.IO.__Error.WinIOError(Int32 errorCode, String maybeFullPath)
   at System.IO.FileStream.Init(String path, FileMode mode, FileAccess access, Int32 rights, Boolean useRights, FileShare share, Int32 bufferSize, FileOptions options, SECURITY_ATTRIBUTES secAttrs, String msgPath, Boolean bFromProxy, Boolean useLongPath, Boolean checkHost)
   at System.IO.FileStream..ctor(String path, FileMode mode, FileAccess access, FileShare share, Int32 bufferSize, FileOptions options, String msgPath, Boolean bFromProxy, Boolean useLongPath, Boolean checkHost)
   at System.IO.File.InternalReadAllBytes(String path, Boolean checkHost)
   at PSW.BIEUMAU_DS.btn_TaiXuong(Object sender, EventArgs e) in c:\Data\Project\20170206_psw\3-Coding\code\psw\DesktopModules\PSW\QuanTri\BIEUMAU_DS.ascx.cs:line 639
11:43:02,368 [ERROR] PSW.BIEUMAU_CN:435 - 
System.IO.FileNotFoundException: Could not find file 'C:\Data\Project\20170206_psw\3-Coding\code\psw\DesktopModules\PSW\bieumau\175ca19f-9501-459f-8bbe-b31208bc7569.jpg'.
File name: 'C:\Data\Project\20170206_psw\3-Coding\code\psw\DesktopModules\PSW\bieumau\175ca19f-9501-459f-8bbe-b31208bc7569.jpg'
   at System.IO.__Error.WinIOError(Int32 errorCode, String maybeFullPath)
   at System.IO.FileStream.Init(String path, FileMode mode, FileAccess access, Int32 rights, Boolean useRights, FileShare share, Int32 bufferSize, FileOptions options, SECURITY_ATTRIBUTES secAttrs, String msgPath, Boolean bFromProxy, Boolean useLongPath, Boolean checkHost)
   at System.IO.FileStream..ctor(String path, FileMode mode, FileAccess access, FileShare share, Int32 bufferSize, FileOptions options, String msgPath, Boolean bFromProxy, Boolean useLongPath, Boolean checkHost)
   at System.IO.File.InternalReadAllBytes(String path, Boolean checkHost)
   at PSW.BIEUMAU_CN.btn_TaiXuong(Object sender, EventArgs e) in c:\Data\Project\20170206_psw\3-Coding\code\psw\DesktopModules\PSW\QuanTri\BIEUMAU_CN.ascx.cs:line 435
11:43:13,561 [ERROR] PSW.BIEUMAU_DS:639 - 
System.IO.FileNotFoundException: Could not find file 'C:\Data\Project\20170206_psw\3-Coding\code\psw\DesktopModules\PSW\bieumau\175ca19f-9501-459f-8bbe-b31208bc7569.jpg'.
File name: 'C:\Data\Project\20170206_psw\3-Coding\code\psw\DesktopModules\PSW\bieumau\175ca19f-9501-459f-8bbe-b31208bc7569.jpg'
   at System.IO.__Error.WinIOError(Int32 errorCode, String maybeFullPath)
   at System.IO.FileStream.Init(String path, FileMode mode, FileAccess access, Int32 rights, Boolean useRights, FileShare share, Int32 bufferSize, FileOptions options, SECURITY_ATTRIBUTES secAttrs, String msgPath, Boolean bFromProxy, Boolean useLongPath, Boolean checkHost)
   at System.IO.FileStream..ctor(String path, FileMode mode, FileAccess access, FileShare share, Int32 bufferSize, FileOptions options, String msgPath, Boolean bFromProxy, Boolean useLongPath, Boolean checkHost)
   at System.IO.File.InternalReadAllBytes(String path, Boolean checkHost)
   at PSW.BIEUMAU_DS.btn_TaiXuong(Object sender, EventArgs e) in c:\Data\Project\20170206_psw\3-Coding\code\psw\DesktopModules\PSW\QuanTri\BIEUMAU_DS.ascx.cs:line 639
11:45:16,231 [ERROR] PSW.BIEUMAU_CN:268 - 
System.Threading.ThreadAbortException: Thread was being aborted.
   at System.Threading.Thread.AbortInternal()
   at System.Threading.Thread.Abort(Object stateInfo)
   at System.Web.HttpResponse.AbortCurrentThread()
   at System.Web.HttpResponse.Redirect(String url, Boolean endResponse, Boolean permanent)
   at PSW.BIEUMAU_CN.btn_CN_Click(Object sender, EventArgs e) in c:\Data\Project\20170206_psw\3-Coding\code\psw\DesktopModules\PSW\QuanTri\BIEUMAU_CN.ascx.cs:line 268
11:47:01,346 [ERROR] PSW.BIEUMAU_CN:435 - 
System.IO.FileNotFoundException: Could not find file 'C:\Data\Project\20170206_psw\3-Coding\code\psw\DesktopModules\PSW\bieumau\fde9aa87-27df-499b-9ced-517792e432f2.jpg'.
File name: 'C:\Data\Project\20170206_psw\3-Coding\code\psw\DesktopModules\PSW\bieumau\fde9aa87-27df-499b-9ced-517792e432f2.jpg'
   at System.IO.__Error.WinIOError(Int32 errorCode, String maybeFullPath)
   at System.IO.FileStream.Init(String path, FileMode mode, FileAccess access, Int32 rights, Boolean useRights, FileShare share, Int32 bufferSize, FileOptions options, SECURITY_ATTRIBUTES secAttrs, String msgPath, Boolean bFromProxy, Boolean useLongPath, Boolean checkHost)
   at System.IO.FileStream..ctor(String path, FileMode mode, FileAccess access, FileShare share, Int32 bufferSize, FileOptions options, String msgPath, Boolean bFromProxy, Boolean useLongPath, Boolean checkHost)
   at System.IO.File.InternalReadAllBytes(String path, Boolean checkHost)
   at PSW.BIEUMAU_CN.btn_TaiXuong(Object sender, EventArgs e) in c:\Data\Project\20170206_psw\3-Coding\code\psw\DesktopModules\PSW\QuanTri\BIEUMAU_CN.ascx.cs:line 435
16:19:39,885 [ INFO] PSW.LOAIHINHDOANHNGHIEP_CN:209 - >>>1
16:19:39,889 [ INFO] PSW.LOAIHINHDOANHNGHIEP_CN:212 - >>>2
16:19:39,893 [ INFO] PSW.LOAIHINHDOANHNGHIEP_CN:216 - >>>3
16:24:05,287 [ERROR] PSW.LOAIHINHDOANHNGHIEP_CN:137 - 
System.Threading.ThreadAbortException: Thread was being aborted.
   at System.Threading.Thread.AbortInternal()
   at System.Threading.Thread.Abort(Object stateInfo)
   at System.Web.HttpResponse.AbortCurrentThread()
   at System.Web.HttpResponse.Redirect(String url, Boolean endResponse, Boolean permanent)
   at PSW.LOAIHINHDOANHNGHIEP_CN.btnCapNhat_Click(Object sender, EventArgs e) in c:\Data\Project\20170206_psw\3-Coding\code\psw\DesktopModules\PSW\QuanTri\LOAIHINHDOANHNGHIEP_CN.ascx.cs:line 137
16:26:09,187 [ERROR] PSW.LOAIHINHDOANHNGHIEP_CN:137 - 
System.Threading.ThreadAbortException: Thread was being aborted.
   at System.Threading.Thread.AbortInternal()
   at System.Threading.Thread.Abort(Object stateInfo)
   at System.Web.HttpResponse.AbortCurrentThread()
   at System.Web.HttpResponse.Redirect(String url, Boolean endResponse, Boolean permanent)
   at PSW.LOAIHINHDOANHNGHIEP_CN.btnCapNhat_Click(Object sender, EventArgs e) in c:\Data\Project\20170206_psw\3-Coding\code\psw\DesktopModules\PSW\QuanTri\LOAIHINHDOANHNGHIEP_CN.ascx.cs:line 137
16:26:12,008 [ERROR] PSW.LOAIHINHDOANHNGHIEP_CN:148 - 
System.Threading.ThreadAbortException: Thread was being aborted.
   at System.Threading.Thread.AbortInternal()
   at System.Threading.Thread.Abort(Object stateInfo)
   at System.Web.HttpResponse.AbortCurrentThread()
   at System.Web.HttpResponse.Redirect(String url, Boolean endResponse, Boolean permanent)
   at PSW.LOAIHINHDOANHNGHIEP_CN.btnCapNhat_Click(Object sender, EventArgs e) in c:\Data\Project\20170206_psw\3-Coding\code\psw\DesktopModules\PSW\QuanTri\LOAIHINHDOANHNGHIEP_CN.ascx.cs:line 148
16:27:29,738 [ERROR] PSW.LOAIHINHDOANHNGHIEP_CN:143 - 
System.Threading.ThreadAbortException: Thread was being aborted.
   at System.Threading.Thread.AbortInternal()
   at System.Threading.Thread.Abort(Object stateInfo)
   at System.Web.HttpResponse.AbortCurrentThread()
   at System.Web.HttpResponse.Redirect(String url, Boolean endResponse, Boolean permanent)
   at PSW.LOAIHINHDOANHNGHIEP_CN.btnCapNhat_Click(Object sender, EventArgs e) in c:\Data\Project\20170206_psw\3-Coding\code\psw\DesktopModules\PSW\QuanTri\LOAIHINHDOANHNGHIEP_CN.ascx.cs:line 143
16:40:03,532 [ERROR] PSW.BIEUMAU_CN:268 - 
System.Threading.ThreadAbortException: Thread was being aborted.
   at System.Threading.Thread.AbortInternal()
   at System.Threading.Thread.Abort(Object stateInfo)
   at System.Web.HttpResponse.AbortCurrentThread()
   at System.Web.HttpResponse.Redirect(String url, Boolean endResponse, Boolean permanent)
   at PSW.BIEUMAU_CN.btn_CN_Click(Object sender, EventArgs e) in c:\Data\Project\20170206_psw\3-Coding\code\psw\DesktopModules\PSW\QuanTri\BIEUMAU_CN.ascx.cs:line 268
