10:59:23,200 [ERROR] PSW.SOLIEUGIEOTRONG_CN:493 - 
System.Threading.ThreadAbortException: Thread was being aborted.
   at System.Threading.Thread.AbortInternal()
   at System.Threading.Thread.Abort(Object stateInfo)
   at System.Web.HttpResponse.AbortCurrentThread()
   at System.Web.HttpResponse.Redirect(String url, Boolean endResponse, Boolean permanent)
   at PSW.SOLIEUGIEOTRONG_CN.btn_CN_Click(Object sender, EventArgs e) in c:\Data\Project\20170206_psw\3-Coding\code\psw\DesktopModules\PSW\DuBaoNhuCauPhanBon\SOLIEUGIEOTRONG_CN.ascx.cs:line 493
10:59:48,914 [ERROR] PSW.SOLIEUGIEOTRONG_CN:493 - 
System.Threading.ThreadAbortException: Thread was being aborted.
   at System.Threading.Thread.AbortInternal()
   at System.Threading.Thread.Abort(Object stateInfo)
   at System.Web.HttpResponse.AbortCurrentThread()
   at System.Web.HttpResponse.Redirect(String url, Boolean endResponse, Boolean permanent)
   at PSW.SOLIEUGIEOTRONG_CN.btn_CN_Click(Object sender, EventArgs e) in c:\Data\Project\20170206_psw\3-Coding\code\psw\DesktopModules\PSW\DuBaoNhuCauPhanBon\SOLIEUGIEOTRONG_CN.ascx.cs:line 493
11:00:04,387 [ERROR] PSW.SOLIEUGIEOTRONG_CN:493 - 
System.Threading.ThreadAbortException: Thread was being aborted.
   at System.Threading.Thread.AbortInternal()
   at System.Threading.Thread.Abort(Object stateInfo)
   at System.Web.HttpResponse.AbortCurrentThread()
   at System.Web.HttpResponse.Redirect(String url, Boolean endResponse, Boolean permanent)
   at PSW.SOLIEUGIEOTRONG_CN.btn_CN_Click(Object sender, EventArgs e) in c:\Data\Project\20170206_psw\3-Coding\code\psw\DesktopModules\PSW\DuBaoNhuCauPhanBon\SOLIEUGIEOTRONG_CN.ascx.cs:line 493
11:00:22,877 [ERROR] PSW.SOLIEUGIEOTRONG_CN:493 - 
System.Threading.ThreadAbortException: Thread was being aborted.
   at System.Threading.Thread.AbortInternal()
   at System.Threading.Thread.Abort(Object stateInfo)
   at System.Web.HttpResponse.AbortCurrentThread()
   at System.Web.HttpResponse.Redirect(String url, Boolean endResponse, Boolean permanent)
   at PSW.SOLIEUGIEOTRONG_CN.btn_CN_Click(Object sender, EventArgs e) in c:\Data\Project\20170206_psw\3-Coding\code\psw\DesktopModules\PSW\DuBaoNhuCauPhanBon\SOLIEUGIEOTRONG_CN.ascx.cs:line 493
11:00:56,325 [ERROR] PSW.SOLIEUGIEOTRONG_CN:493 - 
System.Threading.ThreadAbortException: Thread was being aborted.
   at System.Threading.Thread.AbortInternal()
   at System.Threading.Thread.Abort(Object stateInfo)
   at System.Web.HttpResponse.AbortCurrentThread()
   at System.Web.HttpResponse.Redirect(String url, Boolean endResponse, Boolean permanent)
   at PSW.SOLIEUGIEOTRONG_CN.btn_CN_Click(Object sender, EventArgs e) in c:\Data\Project\20170206_psw\3-Coding\code\psw\DesktopModules\PSW\DuBaoNhuCauPhanBon\SOLIEUGIEOTRONG_CN.ascx.cs:line 493
11:01:55,814 [ERROR] PSW.SOLIEUGIEOTRONG_CN:493 - 
System.Threading.ThreadAbortException: Thread was being aborted.
   at System.Threading.Thread.AbortInternal()
   at System.Threading.Thread.Abort(Object stateInfo)
   at System.Web.HttpResponse.AbortCurrentThread()
   at System.Web.HttpResponse.Redirect(String url, Boolean endResponse, Boolean permanent)
   at PSW.SOLIEUGIEOTRONG_CN.btn_CN_Click(Object sender, EventArgs e) in c:\Data\Project\20170206_psw\3-Coding\code\psw\DesktopModules\PSW\DuBaoNhuCauPhanBon\SOLIEUGIEOTRONG_CN.ascx.cs:line 493
11:02:42,763 [ERROR] PSW.SOLIEUGIEOTRONG_CN:493 - 
System.Threading.ThreadAbortException: Thread was being aborted.
   at System.Threading.Thread.AbortInternal()
   at System.Threading.Thread.Abort(Object stateInfo)
   at System.Web.HttpResponse.AbortCurrentThread()
   at System.Web.HttpResponse.Redirect(String url, Boolean endResponse, Boolean permanent)
   at PSW.SOLIEUGIEOTRONG_CN.btn_CN_Click(Object sender, EventArgs e) in c:\Data\Project\20170206_psw\3-Coding\code\psw\DesktopModules\PSW\DuBaoNhuCauPhanBon\SOLIEUGIEOTRONG_CN.ascx.cs:line 493
11:03:14,665 [ERROR] PSW.SOLIEUGIEOTRONG_CN:493 - 
System.Threading.ThreadAbortException: Thread was being aborted.
   at System.Threading.Thread.AbortInternal()
   at System.Threading.Thread.Abort(Object stateInfo)
   at System.Web.HttpResponse.AbortCurrentThread()
   at System.Web.HttpResponse.Redirect(String url, Boolean endResponse, Boolean permanent)
   at PSW.SOLIEUGIEOTRONG_CN.btn_CN_Click(Object sender, EventArgs e) in c:\Data\Project\20170206_psw\3-Coding\code\psw\DesktopModules\PSW\DuBaoNhuCauPhanBon\SOLIEUGIEOTRONG_CN.ascx.cs:line 493
11:03:33,971 [ERROR] PSW.SOLIEUGIEOTRONG_CN:493 - 
System.Threading.ThreadAbortException: Thread was being aborted.
   at System.Threading.Thread.AbortInternal()
   at System.Threading.Thread.Abort(Object stateInfo)
   at System.Web.HttpResponse.AbortCurrentThread()
   at System.Web.HttpResponse.Redirect(String url, Boolean endResponse, Boolean permanent)
   at PSW.SOLIEUGIEOTRONG_CN.btn_CN_Click(Object sender, EventArgs e) in c:\Data\Project\20170206_psw\3-Coding\code\psw\DesktopModules\PSW\DuBaoNhuCauPhanBon\SOLIEUGIEOTRONG_CN.ascx.cs:line 493
11:03:53,851 [ERROR] PSW.SOLIEUGIEOTRONG_CN:493 - 
System.Threading.ThreadAbortException: Thread was being aborted.
   at System.Threading.Thread.AbortInternal()
   at System.Threading.Thread.Abort(Object stateInfo)
   at System.Web.HttpResponse.AbortCurrentThread()
   at System.Web.HttpResponse.Redirect(String url, Boolean endResponse, Boolean permanent)
   at PSW.SOLIEUGIEOTRONG_CN.btn_CN_Click(Object sender, EventArgs e) in c:\Data\Project\20170206_psw\3-Coding\code\psw\DesktopModules\PSW\DuBaoNhuCauPhanBon\SOLIEUGIEOTRONG_CN.ascx.cs:line 493
11:04:42,610 [ERROR] PSW.SOLIEUGIEOTRONG_CN:493 - 
System.Threading.ThreadAbortException: Thread was being aborted.
   at System.Threading.Thread.AbortInternal()
   at System.Threading.Thread.Abort(Object stateInfo)
   at System.Web.HttpResponse.AbortCurrentThread()
   at System.Web.HttpResponse.Redirect(String url, Boolean endResponse, Boolean permanent)
   at PSW.SOLIEUGIEOTRONG_CN.btn_CN_Click(Object sender, EventArgs e) in c:\Data\Project\20170206_psw\3-Coding\code\psw\DesktopModules\PSW\DuBaoNhuCauPhanBon\SOLIEUGIEOTRONG_CN.ascx.cs:line 493
11:05:17,802 [ERROR] PSW.SOLIEUGIEOTRONG_CN:450 - 
System.FormatException: Input string was not in a correct format.
   at System.Number.StringToNumber(String str, NumberStyles options, NumberBuffer& number, NumberFormatInfo info, Boolean parseDecimal)
   at System.Number.ParseInt32(String s, NumberStyles style, NumberFormatInfo info)
   at PSW.SOLIEUGIEOTRONG_CN.btn_CN_Click(Object sender, EventArgs e) in c:\Data\Project\20170206_psw\3-Coding\code\psw\DesktopModules\PSW\DuBaoNhuCauPhanBon\SOLIEUGIEOTRONG_CN.ascx.cs:line 450
11:05:21,980 [ERROR] PSW.SOLIEUGIEOTRONG_CN:450 - 
System.FormatException: Input string was not in a correct format.
   at System.Number.StringToNumber(String str, NumberStyles options, NumberBuffer& number, NumberFormatInfo info, Boolean parseDecimal)
   at System.Number.ParseInt32(String s, NumberStyles style, NumberFormatInfo info)
   at PSW.SOLIEUGIEOTRONG_CN.btn_CN_Click(Object sender, EventArgs e) in c:\Data\Project\20170206_psw\3-Coding\code\psw\DesktopModules\PSW\DuBaoNhuCauPhanBon\SOLIEUGIEOTRONG_CN.ascx.cs:line 450
11:05:22,582 [ERROR] PSW.SOLIEUGIEOTRONG_CN:450 - 
System.FormatException: Input string was not in a correct format.
   at System.Number.StringToNumber(String str, NumberStyles options, NumberBuffer& number, NumberFormatInfo info, Boolean parseDecimal)
   at System.Number.ParseInt32(String s, NumberStyles style, NumberFormatInfo info)
   at PSW.SOLIEUGIEOTRONG_CN.btn_CN_Click(Object sender, EventArgs e) in c:\Data\Project\20170206_psw\3-Coding\code\psw\DesktopModules\PSW\DuBaoNhuCauPhanBon\SOLIEUGIEOTRONG_CN.ascx.cs:line 450
11:05:23,361 [ERROR] PSW.SOLIEUGIEOTRONG_CN:450 - 
System.FormatException: Input string was not in a correct format.
   at System.Number.StringToNumber(String str, NumberStyles options, NumberBuffer& number, NumberFormatInfo info, Boolean parseDecimal)
   at System.Number.ParseInt32(String s, NumberStyles style, NumberFormatInfo info)
   at PSW.SOLIEUGIEOTRONG_CN.btn_CN_Click(Object sender, EventArgs e) in c:\Data\Project\20170206_psw\3-Coding\code\psw\DesktopModules\PSW\DuBaoNhuCauPhanBon\SOLIEUGIEOTRONG_CN.ascx.cs:line 450
11:05:23,830 [ERROR] PSW.SOLIEUGIEOTRONG_CN:450 - 
System.FormatException: Input string was not in a correct format.
   at System.Number.StringToNumber(String str, NumberStyles options, NumberBuffer& number, NumberFormatInfo info, Boolean parseDecimal)
   at System.Number.ParseInt32(String s, NumberStyles style, NumberFormatInfo info)
   at PSW.SOLIEUGIEOTRONG_CN.btn_CN_Click(Object sender, EventArgs e) in c:\Data\Project\20170206_psw\3-Coding\code\psw\DesktopModules\PSW\DuBaoNhuCauPhanBon\SOLIEUGIEOTRONG_CN.ascx.cs:line 450
11:05:53,797 [ERROR] PSW.SOLIEUGIEOTRONG_CN:493 - 
System.Threading.ThreadAbortException: Thread was being aborted.
   at System.Threading.Thread.AbortInternal()
   at System.Threading.Thread.Abort(Object stateInfo)
   at System.Web.HttpResponse.AbortCurrentThread()
   at System.Web.HttpResponse.Redirect(String url, Boolean endResponse, Boolean permanent)
   at PSW.SOLIEUGIEOTRONG_CN.btn_CN_Click(Object sender, EventArgs e) in c:\Data\Project\20170206_psw\3-Coding\code\psw\DesktopModules\PSW\DuBaoNhuCauPhanBon\SOLIEUGIEOTRONG_CN.ascx.cs:line 493
11:15:42,788 [ERROR] PSW.SOLIEUGIEOTRONG_CN:493 - 
System.Threading.ThreadAbortException: Thread was being aborted.
   at System.Threading.Thread.AbortInternal()
   at System.Threading.Thread.Abort(Object stateInfo)
   at System.Web.HttpResponse.AbortCurrentThread()
   at System.Web.HttpResponse.Redirect(String url, Boolean endResponse, Boolean permanent)
   at PSW.SOLIEUGIEOTRONG_CN.btn_CN_Click(Object sender, EventArgs e) in c:\Data\Project\20170206_psw\3-Coding\code\psw\DesktopModules\PSW\DuBaoNhuCauPhanBon\SOLIEUGIEOTRONG_CN.ascx.cs:line 493
11:16:00,054 [ERROR] PSW.SOLIEUGIEOTRONG_CN:493 - 
System.Threading.ThreadAbortException: Thread was being aborted.
   at System.Threading.Thread.AbortInternal()
   at System.Threading.Thread.Abort(Object stateInfo)
   at System.Web.HttpResponse.AbortCurrentThread()
   at System.Web.HttpResponse.Redirect(String url, Boolean endResponse, Boolean permanent)
   at PSW.SOLIEUGIEOTRONG_CN.btn_CN_Click(Object sender, EventArgs e) in c:\Data\Project\20170206_psw\3-Coding\code\psw\DesktopModules\PSW\DuBaoNhuCauPhanBon\SOLIEUGIEOTRONG_CN.ascx.cs:line 493
11:18:53,883 [ERROR] PSW.SOLIEUGIEOTRONG_CN:493 - 
System.Threading.ThreadAbortException: Thread was being aborted.
   at System.Threading.Thread.AbortInternal()
   at System.Threading.Thread.Abort(Object stateInfo)
   at System.Web.HttpResponse.AbortCurrentThread()
   at System.Web.HttpResponse.Redirect(String url, Boolean endResponse, Boolean permanent)
   at PSW.SOLIEUGIEOTRONG_CN.btn_CN_Click(Object sender, EventArgs e) in c:\Data\Project\20170206_psw\3-Coding\code\psw\DesktopModules\PSW\DuBaoNhuCauPhanBon\SOLIEUGIEOTRONG_CN.ascx.cs:line 493
11:19:14,993 [ERROR] PSW.SOLIEUGIEOTRONG_CN:493 - 
System.Threading.ThreadAbortException: Thread was being aborted.
   at System.Threading.Thread.AbortInternal()
   at System.Threading.Thread.Abort(Object stateInfo)
   at System.Web.HttpResponse.AbortCurrentThread()
   at System.Web.HttpResponse.Redirect(String url, Boolean endResponse, Boolean permanent)
   at PSW.SOLIEUGIEOTRONG_CN.btn_CN_Click(Object sender, EventArgs e) in c:\Data\Project\20170206_psw\3-Coding\code\psw\DesktopModules\PSW\DuBaoNhuCauPhanBon\SOLIEUGIEOTRONG_CN.ascx.cs:line 493
11:20:13,165 [ERROR] PSW.SOLIEUGIEOTRONG_CN:493 - 
System.Threading.ThreadAbortException: Thread was being aborted.
   at System.Threading.Thread.AbortInternal()
   at System.Threading.Thread.Abort(Object stateInfo)
   at System.Web.HttpResponse.AbortCurrentThread()
   at System.Web.HttpResponse.Redirect(String url, Boolean endResponse, Boolean permanent)
   at PSW.SOLIEUGIEOTRONG_CN.btn_CN_Click(Object sender, EventArgs e) in c:\Data\Project\20170206_psw\3-Coding\code\psw\DesktopModules\PSW\DuBaoNhuCauPhanBon\SOLIEUGIEOTRONG_CN.ascx.cs:line 493
11:20:40,827 [ERROR] PSW.SOLIEUGIEOTRONG_CN:493 - 
System.Threading.ThreadAbortException: Thread was being aborted.
   at System.Threading.Thread.AbortInternal()
   at System.Threading.Thread.Abort(Object stateInfo)
   at System.Web.HttpResponse.AbortCurrentThread()
   at System.Web.HttpResponse.Redirect(String url, Boolean endResponse, Boolean permanent)
   at PSW.SOLIEUGIEOTRONG_CN.btn_CN_Click(Object sender, EventArgs e) in c:\Data\Project\20170206_psw\3-Coding\code\psw\DesktopModules\PSW\DuBaoNhuCauPhanBon\SOLIEUGIEOTRONG_CN.ascx.cs:line 493
11:28:10,657 [ERROR] PSW.SOLIEUGIEOTRONG_CN:493 - 
System.Threading.ThreadAbortException: Thread was being aborted.
   at System.Threading.Thread.AbortInternal()
   at System.Threading.Thread.Abort(Object stateInfo)
   at System.Web.HttpResponse.AbortCurrentThread()
   at System.Web.HttpResponse.Redirect(String url, Boolean endResponse, Boolean permanent)
   at PSW.SOLIEUGIEOTRONG_CN.btn_CN_Click(Object sender, EventArgs e) in c:\Data\Project\20170206_psw\3-Coding\code\psw\DesktopModules\PSW\DuBaoNhuCauPhanBon\SOLIEUGIEOTRONG_CN.ascx.cs:line 493
11:28:21,689 [ERROR] PSW.SOLIEUGIEOTRONG_CN:493 - 
System.Threading.ThreadAbortException: Thread was being aborted.
   at System.Threading.Thread.AbortInternal()
   at System.Threading.Thread.Abort(Object stateInfo)
   at System.Web.HttpResponse.AbortCurrentThread()
   at System.Web.HttpResponse.Redirect(String url, Boolean endResponse, Boolean permanent)
   at PSW.SOLIEUGIEOTRONG_CN.btn_CN_Click(Object sender, EventArgs e) in c:\Data\Project\20170206_psw\3-Coding\code\psw\DesktopModules\PSW\DuBaoNhuCauPhanBon\SOLIEUGIEOTRONG_CN.ascx.cs:line 493
11:28:38,535 [ERROR] PSW.SOLIEUGIEOTRONG_CN:493 - 
System.Threading.ThreadAbortException: Thread was being aborted.
   at System.Threading.Thread.AbortInternal()
   at System.Threading.Thread.Abort(Object stateInfo)
   at System.Web.HttpResponse.AbortCurrentThread()
   at System.Web.HttpResponse.Redirect(String url, Boolean endResponse, Boolean permanent)
   at PSW.SOLIEUGIEOTRONG_CN.btn_CN_Click(Object sender, EventArgs e) in c:\Data\Project\20170206_psw\3-Coding\code\psw\DesktopModules\PSW\DuBaoNhuCauPhanBon\SOLIEUGIEOTRONG_CN.ascx.cs:line 493
11:28:57,634 [ERROR] PSW.SOLIEUGIEOTRONG_CN:493 - 
System.Threading.ThreadAbortException: Thread was being aborted.
   at System.Threading.Thread.AbortInternal()
   at System.Threading.Thread.Abort(Object stateInfo)
   at System.Web.HttpResponse.AbortCurrentThread()
   at System.Web.HttpResponse.Redirect(String url, Boolean endResponse, Boolean permanent)
   at PSW.SOLIEUGIEOTRONG_CN.btn_CN_Click(Object sender, EventArgs e) in c:\Data\Project\20170206_psw\3-Coding\code\psw\DesktopModules\PSW\DuBaoNhuCauPhanBon\SOLIEUGIEOTRONG_CN.ascx.cs:line 493
11:33:08,266 [ERROR] PSW.SOLIEUGIEOTRONG_CN:450 - 
System.FormatException: Input string was not in a correct format.
   at System.Number.StringToNumber(String str, NumberStyles options, NumberBuffer& number, NumberFormatInfo info, Boolean parseDecimal)
   at System.Number.ParseInt32(String s, NumberStyles style, NumberFormatInfo info)
   at PSW.SOLIEUGIEOTRONG_CN.btn_CN_Click(Object sender, EventArgs e) in c:\Data\Project\20170206_psw\3-Coding\code\psw\DesktopModules\PSW\DuBaoNhuCauPhanBon\SOLIEUGIEOTRONG_CN.ascx.cs:line 450
11:33:10,253 [ERROR] PSW.SOLIEUGIEOTRONG_CN:450 - 
System.FormatException: Input string was not in a correct format.
   at System.Number.StringToNumber(String str, NumberStyles options, NumberBuffer& number, NumberFormatInfo info, Boolean parseDecimal)
   at System.Number.ParseInt32(String s, NumberStyles style, NumberFormatInfo info)
   at PSW.SOLIEUGIEOTRONG_CN.btn_CN_Click(Object sender, EventArgs e) in c:\Data\Project\20170206_psw\3-Coding\code\psw\DesktopModules\PSW\DuBaoNhuCauPhanBon\SOLIEUGIEOTRONG_CN.ascx.cs:line 450
11:33:10,428 [ERROR] PSW.SOLIEUGIEOTRONG_CN:450 - 
System.FormatException: Input string was not in a correct format.
   at System.Number.StringToNumber(String str, NumberStyles options, NumberBuffer& number, NumberFormatInfo info, Boolean parseDecimal)
   at System.Number.ParseInt32(String s, NumberStyles style, NumberFormatInfo info)
   at PSW.SOLIEUGIEOTRONG_CN.btn_CN_Click(Object sender, EventArgs e) in c:\Data\Project\20170206_psw\3-Coding\code\psw\DesktopModules\PSW\DuBaoNhuCauPhanBon\SOLIEUGIEOTRONG_CN.ascx.cs:line 450
11:33:10,625 [ERROR] PSW.SOLIEUGIEOTRONG_CN:450 - 
System.FormatException: Input string was not in a correct format.
   at System.Number.StringToNumber(String str, NumberStyles options, NumberBuffer& number, NumberFormatInfo info, Boolean parseDecimal)
   at System.Number.ParseInt32(String s, NumberStyles style, NumberFormatInfo info)
   at PSW.SOLIEUGIEOTRONG_CN.btn_CN_Click(Object sender, EventArgs e) in c:\Data\Project\20170206_psw\3-Coding\code\psw\DesktopModules\PSW\DuBaoNhuCauPhanBon\SOLIEUGIEOTRONG_CN.ascx.cs:line 450
11:33:11,275 [ERROR] PSW.SOLIEUGIEOTRONG_CN:450 - 
System.FormatException: Input string was not in a correct format.
   at System.Number.StringToNumber(String str, NumberStyles options, NumberBuffer& number, NumberFormatInfo info, Boolean parseDecimal)
   at System.Number.ParseInt32(String s, NumberStyles style, NumberFormatInfo info)
   at PSW.SOLIEUGIEOTRONG_CN.btn_CN_Click(Object sender, EventArgs e) in c:\Data\Project\20170206_psw\3-Coding\code\psw\DesktopModules\PSW\DuBaoNhuCauPhanBon\SOLIEUGIEOTRONG_CN.ascx.cs:line 450
11:33:11,572 [ERROR] PSW.SOLIEUGIEOTRONG_CN:450 - 
System.FormatException: Input string was not in a correct format.
   at System.Number.StringToNumber(String str, NumberStyles options, NumberBuffer& number, NumberFormatInfo info, Boolean parseDecimal)
   at System.Number.ParseInt32(String s, NumberStyles style, NumberFormatInfo info)
   at PSW.SOLIEUGIEOTRONG_CN.btn_CN_Click(Object sender, EventArgs e) in c:\Data\Project\20170206_psw\3-Coding\code\psw\DesktopModules\PSW\DuBaoNhuCauPhanBon\SOLIEUGIEOTRONG_CN.ascx.cs:line 450
11:33:11,719 [ERROR] PSW.SOLIEUGIEOTRONG_CN:450 - 
System.FormatException: Input string was not in a correct format.
   at System.Number.StringToNumber(String str, NumberStyles options, NumberBuffer& number, NumberFormatInfo info, Boolean parseDecimal)
   at System.Number.ParseInt32(String s, NumberStyles style, NumberFormatInfo info)
   at PSW.SOLIEUGIEOTRONG_CN.btn_CN_Click(Object sender, EventArgs e) in c:\Data\Project\20170206_psw\3-Coding\code\psw\DesktopModules\PSW\DuBaoNhuCauPhanBon\SOLIEUGIEOTRONG_CN.ascx.cs:line 450
11:33:12,032 [ERROR] PSW.SOLIEUGIEOTRONG_CN:450 - 
System.FormatException: Input string was not in a correct format.
   at System.Number.StringToNumber(String str, NumberStyles options, NumberBuffer& number, NumberFormatInfo info, Boolean parseDecimal)
   at System.Number.ParseInt32(String s, NumberStyles style, NumberFormatInfo info)
   at PSW.SOLIEUGIEOTRONG_CN.btn_CN_Click(Object sender, EventArgs e) in c:\Data\Project\20170206_psw\3-Coding\code\psw\DesktopModules\PSW\DuBaoNhuCauPhanBon\SOLIEUGIEOTRONG_CN.ascx.cs:line 450
11:33:12,174 [ERROR] PSW.SOLIEUGIEOTRONG_CN:450 - 
System.FormatException: Input string was not in a correct format.
   at System.Number.StringToNumber(String str, NumberStyles options, NumberBuffer& number, NumberFormatInfo info, Boolean parseDecimal)
   at System.Number.ParseInt32(String s, NumberStyles style, NumberFormatInfo info)
   at PSW.SOLIEUGIEOTRONG_CN.btn_CN_Click(Object sender, EventArgs e) in c:\Data\Project\20170206_psw\3-Coding\code\psw\DesktopModules\PSW\DuBaoNhuCauPhanBon\SOLIEUGIEOTRONG_CN.ascx.cs:line 450
11:33:12,625 [ERROR] PSW.SOLIEUGIEOTRONG_CN:450 - 
System.FormatException: Input string was not in a correct format.
   at System.Number.StringToNumber(String str, NumberStyles options, NumberBuffer& number, NumberFormatInfo info, Boolean parseDecimal)
   at System.Number.ParseInt32(String s, NumberStyles style, NumberFormatInfo info)
   at PSW.SOLIEUGIEOTRONG_CN.btn_CN_Click(Object sender, EventArgs e) in c:\Data\Project\20170206_psw\3-Coding\code\psw\DesktopModules\PSW\DuBaoNhuCauPhanBon\SOLIEUGIEOTRONG_CN.ascx.cs:line 450
11:33:46,234 [ERROR] PSW.SOLIEUGIEOTRONG_CN:493 - 
System.Threading.ThreadAbortException: Thread was being aborted.
   at System.Threading.Thread.AbortInternal()
   at System.Threading.Thread.Abort(Object stateInfo)
   at System.Web.HttpResponse.AbortCurrentThread()
   at System.Web.HttpResponse.Redirect(String url, Boolean endResponse, Boolean permanent)
   at PSW.SOLIEUGIEOTRONG_CN.btn_CN_Click(Object sender, EventArgs e) in c:\Data\Project\20170206_psw\3-Coding\code\psw\DesktopModules\PSW\DuBaoNhuCauPhanBon\SOLIEUGIEOTRONG_CN.ascx.cs:line 493
11:34:06,566 [ERROR] PSW.SOLIEUGIEOTRONG_CN:493 - 
System.Threading.ThreadAbortException: Thread was being aborted.
   at System.Threading.Thread.AbortInternal()
   at System.Threading.Thread.Abort(Object stateInfo)
   at System.Web.HttpResponse.AbortCurrentThread()
   at System.Web.HttpResponse.Redirect(String url, Boolean endResponse, Boolean permanent)
   at PSW.SOLIEUGIEOTRONG_CN.btn_CN_Click(Object sender, EventArgs e) in c:\Data\Project\20170206_psw\3-Coding\code\psw\DesktopModules\PSW\DuBaoNhuCauPhanBon\SOLIEUGIEOTRONG_CN.ascx.cs:line 493
11:34:21,447 [ERROR] PSW.SOLIEUGIEOTRONG_CN:493 - 
System.Threading.ThreadAbortException: Thread was being aborted.
   at System.Threading.Thread.AbortInternal()
   at System.Threading.Thread.Abort(Object stateInfo)
   at System.Web.HttpResponse.AbortCurrentThread()
   at System.Web.HttpResponse.Redirect(String url, Boolean endResponse, Boolean permanent)
   at PSW.SOLIEUGIEOTRONG_CN.btn_CN_Click(Object sender, EventArgs e) in c:\Data\Project\20170206_psw\3-Coding\code\psw\DesktopModules\PSW\DuBaoNhuCauPhanBon\SOLIEUGIEOTRONG_CN.ascx.cs:line 493
